<?xml version="1.0" encoding="UTF-8"?>
<testng-results skipped="0" failed="1" ignored="0" total="2" passed="1">
  <reporter-output>
  </reporter-output>
  <suite name="Suite" duration-ms="18434" started-at="2021-03-24T11:10:12 EDT" finished-at="2021-03-24T11:10:31 EDT">
    <groups>
    </groups>
    <test name="Test1" duration-ms="11675" started-at="2021-03-24T11:10:12 EDT" finished-at="2021-03-24T11:10:24 EDT">
      <class name="CompleteProj.E2EProj.HomePage">
        <test-method status="PASS" signature="initialize(org.testng.ITestContext)[pri:0, instance:CompleteProj.E2EProj.HomePage@10959ece]" name="initialize" is-config="true" duration-ms="2293" started-at="2021-03-24T11:10:12 EDT" finished-at="2021-03-24T11:10:15 EDT">
          <params>
            <param index="0">
              <value>
                <![CDATA[org.testng.TestRunner@450794b4]]>
              </value>
            </param>
          </params>
          <reporter-output>
          </reporter-output>
        </test-method> <!-- initialize -->
        <test-method status="PASS" signature="basePageNavigative(java.lang.String, java.lang.String)[pri:0, instance:CompleteProj.E2EProj.HomePage@10959ece]" name="basePageNavigative" duration-ms="9169" started-at="2021-03-24T11:10:15 EDT" data-provider="getData" finished-at="2021-03-24T11:10:24 EDT">
          <params>
            <param index="0">
              <value>
                <![CDATA[nonrestricteduser@gmail.com]]>
              </value>
            </param>
            <param index="1">
              <value>
                <![CDATA[1234]]>
              </value>
            </param>
          </params>
          <reporter-output>
          </reporter-output>
        </test-method> <!-- basePageNavigative -->
        <test-method status="PASS" signature="teardown()[pri:0, instance:CompleteProj.E2EProj.HomePage@10959ece]" name="teardown" is-config="true" duration-ms="164" started-at="2021-03-24T11:10:24 EDT" finished-at="2021-03-24T11:10:24 EDT">
          <reporter-output>
          </reporter-output>
        </test-method> <!-- teardown -->
      </class> <!-- CompleteProj.E2EProj.HomePage -->
    </test> <!-- Test1 -->
    <test name="Test2" duration-ms="6319" started-at="2021-03-24T11:10:24 EDT" finished-at="2021-03-24T11:10:31 EDT">
      <class name="CompleteProj.E2EProj.NavigationBar">
        <test-method status="PASS" signature="initialize(org.testng.ITestContext)[pri:0, instance:CompleteProj.E2EProj.NavigationBar@625732]" name="initialize" is-config="true" duration-ms="5559" started-at="2021-03-24T11:10:24 EDT" finished-at="2021-03-24T11:10:30 EDT">
          <params>
            <param index="0">
              <value>
                <![CDATA[org.testng.TestRunner@273c947f]]>
              </value>
            </param>
          </params>
          <reporter-output>
          </reporter-output>
        </test-method> <!-- initialize -->
        <test-method status="FAIL" signature="basePageNavigative(java.lang.String, java.lang.String)[pri:0, instance:CompleteProj.E2EProj.NavigationBar@625732]" name="basePageNavigative" duration-ms="52" started-at="2021-03-24T11:10:30 EDT" data-provider="getData" finished-at="2021-03-24T11:10:30 EDT">
          <params>
            <param index="0">
              <value>
                <![CDATA[nonrestricteduser@gmail.com]]>
              </value>
            </param>
            <param index="1">
              <value>
                <![CDATA[1234]]>
              </value>
            </param>
          </params>
          <exception class="java.lang.AssertionError">
            <message>
              <![CDATA[expected [FEATURED COURSES123] but found [FEATURED COURSES]]]>
            </message>
            <full-stacktrace>
              <![CDATA[java.lang.AssertionError: expected [FEATURED COURSES123] but found [FEATURED COURSES]
at org.testng.Assert.fail(Assert.java:99)
at org.testng.Assert.failNotEquals(Assert.java:1037)
at org.testng.Assert.assertEqualsImpl(Assert.java:140)
at org.testng.Assert.assertEquals(Assert.java:122)
at org.testng.Assert.assertEquals(Assert.java:629)
at org.testng.Assert.assertEquals(Assert.java:639)
at CompleteProj.E2EProj.NavigationBar.basePageNavigative(NavigationBar.java:40)
at sun.reflect.NativeMethodAccessorImpl.invoke0(Native Method)
at sun.reflect.NativeMethodAccessorImpl.invoke(NativeMethodAccessorImpl.java:62)
at sun.reflect.DelegatingMethodAccessorImpl.invoke(DelegatingMethodAccessorImpl.java:43)
at java.lang.reflect.Method.invoke(Method.java:498)
at org.testng.internal.MethodInvocationHelper.invokeMethod(MethodInvocationHelper.java:132)
at org.testng.internal.TestInvoker.invokeMethod(TestInvoker.java:599)
at org.testng.internal.TestInvoker.invokeTestMethod(TestInvoker.java:174)
at org.testng.internal.MethodRunner.runInSequence(MethodRunner.java:46)
at org.testng.internal.TestInvoker$MethodInvocationAgent.invoke(TestInvoker.java:822)
at org.testng.internal.TestInvoker.invokeTestMethods(TestInvoker.java:147)
at org.testng.internal.TestMethodWorker.invokeTestMethods(TestMethodWorker.java:146)
at org.testng.internal.TestMethodWorker.run(TestMethodWorker.java:128)
at java.util.ArrayList.forEach(ArrayList.java:1259)
at org.testng.TestRunner.privateRun(TestRunner.java:764)
at org.testng.TestRunner.run(TestRunner.java:585)
at org.testng.SuiteRunner.runTest(SuiteRunner.java:384)
at org.testng.SuiteRunner.runSequentially(SuiteRunner.java:378)
at org.testng.SuiteRunner.privateRun(SuiteRunner.java:337)
at org.testng.SuiteRunner.run(SuiteRunner.java:286)
at org.testng.SuiteRunnerWorker.runSuite(SuiteRunnerWorker.java:53)
at org.testng.SuiteRunnerWorker.run(SuiteRunnerWorker.java:96)
at org.testng.TestNG.runSuitesSequentially(TestNG.java:1218)
at org.testng.TestNG.runSuitesLocally(TestNG.java:1140)
at org.testng.TestNG.runSuites(TestNG.java:1069)
at org.testng.TestNG.run(TestNG.java:1037)
at org.apache.maven.surefire.testng.TestNGExecutor.run(TestNGExecutor.java:283)
at org.apache.maven.surefire.testng.TestNGXmlTestSuite.execute(TestNGXmlTestSuite.java:75)
at org.apache.maven.surefire.testng.TestNGProvider.invoke(TestNGProvider.java:120)
at org.apache.maven.surefire.booter.ForkedBooter.invokeProviderInSameClassLoader(ForkedBooter.java:384)
at org.apache.maven.surefire.booter.ForkedBooter.runSuitesInProcess(ForkedBooter.java:345)
at org.apache.maven.surefire.booter.ForkedBooter.execute(ForkedBooter.java:126)
at org.apache.maven.surefire.booter.ForkedBooter.main(ForkedBooter.java:418)
]]>
            </full-stacktrace>
          </exception> <!-- java.lang.AssertionError -->
          <reporter-output>
          </reporter-output>
        </test-method> <!-- basePageNavigative -->
        <test-method status="PASS" signature="teardown()[pri:0, instance:CompleteProj.E2EProj.NavigationBar@625732]" name="teardown" is-config="true" duration-ms="98" started-at="2021-03-24T11:10:31 EDT" finished-at="2021-03-24T11:10:31 EDT">
          <reporter-output>
          </reporter-output>
        </test-method> <!-- teardown -->
      </class> <!-- CompleteProj.E2EProj.NavigationBar -->
    </test> <!-- Test2 -->
  </suite> <!-- Suite -->
</testng-results>
